<?xml version="1.0" encoding="UTF-8"?>
<!-- Generated by org.testng.reporters.JUnitReportReporter -->
<testsuite hostname="Salamo" failures="0" tests="2" name="Factory.Factory1Test" time="9.900" errors="0" timestamp="16 Jan 2023 23:39:53 GMT" skipped="0">
  <testcase classname="Factory.Factory1Test" name="ClickOnMenu" time="5.255"/>
  <testcase classname="Factory.Factory1Test" name="MenuDropDown" time="4.645"/>
</testsuite> <!-- Factory.Factory1Test -->
