<?xml version="1.0" encoding="UTF-8"?>
<!-- Generated by org.testng.reporters.JUnitReportReporter -->
<testsuite hostname="Salamo" failures="0" tests="3" name="HomePage.priority" time="9.764" errors="0" timestamp="14 Jan 2023 23:32:13 GMT" skipped="0">
  <testcase classname="HomePage.priority" name="MenuDropDown" time="4.315"/>
  <testcase classname="HomePage.priority" name="ClickOnMenu" time="2.779"/>
  <testcase classname="HomePage.priority" name="AddToCart" time="2.670"/>
</testsuite> <!-- HomePage.priority -->
