<?xml version="1.0" encoding="UTF-8"?>
<!-- Generated by org.testng.reporters.JUnitReportReporter -->
<testsuite hostname="Salamo" failures="0" tests="1" name="Factory.Factory2Test" time="5.042" errors="0" timestamp="16 Jan 2023 23:39:53 GMT" skipped="0">
  <testcase classname="Factory.Factory2Test" name="AddToCart" time="5.042"/>
</testsuite> <!-- Factory.Factory2Test -->
