<?xml version="1.0" encoding="UTF-8"?>
<!-- Generated by org.testng.reporters.JUnitReportReporter -->
<testsuite hostname="Salamo" failures="0" tests="1" name="TestNGRunner.TestNgClass2" time="5.215" errors="0" timestamp="16 Jan 2023 23:39:54 GMT" skipped="0">
  <testcase classname="TestNGRunner.TestNgClass2" name="MenuDropDown" time="5.215"/>
</testsuite> <!-- TestNGRunner.TestNgClass2 -->
