<?xml version="1.0" encoding="UTF-8"?>
<!-- Generated by org.testng.reporters.JUnitReportReporter -->
<testsuite hostname="Salamo" failures="0" tests="2" name="HomePage.parallel" time="8.735" errors="0" timestamp="15 Jan 2023 01:23:50 GMT" skipped="0">
  <testcase classname="HomePage.parallel" name="LoginButton" time="4.367"/>
  <testcase classname="HomePage.parallel" name="Logo" time="4.368"/>
</testsuite> <!-- HomePage.parallel -->
