<?xml version="1.0" encoding="UTF-8"?>
<!-- Generated by org.testng.reporters.JUnitReportReporter -->
<testsuite hostname="Salamo" failures="0" tests="1" name="HomePage.assertion" time="4.146" errors="0" timestamp="15 Jan 2023 00:30:14 GMT" skipped="0">
  <testcase classname="HomePage.assertion" name="AppLogo" time="4.146"/>
</testsuite> <!-- HomePage.assertion -->
