<?xml version="1.0" encoding="UTF-8"?>
<!-- Generated by org.testng.reporters.JUnitReportReporter -->
<testsuite hostname="Salamo" failures="0" tests="3" name="TestNGRunner.TestNgClass1" time="9.613" errors="0" timestamp="17 Jan 2023 00:26:28 GMT" skipped="0">
  <testcase classname="TestNGRunner.TestNgClass1" name="ClickOnMenu" time="2.629"/>
  <testcase classname="TestNGRunner.TestNgClass1" name="ClickOnMenu" time="4.230"/>
  <testcase classname="TestNGRunner.TestNgClass1" name="ClickOnMenu" time="2.754"/>
</testsuite> <!-- TestNGRunner.TestNgClass1 -->
