<?xml version="1.0" encoding="UTF-8"?>
<!-- Generated by org.testng.reporters.JUnitReportReporter -->
<testsuite hostname="Salamo" failures="0" tests="1" name="HomePage.TestListeners" time="7.726" errors="0" timestamp="15 Jan 2023 01:04:51 GMT" skipped="0">
  <testcase classname="HomePage.TestListeners" name="ClickOnMenu" time="7.726"/>
</testsuite> <!-- HomePage.TestListeners -->
