<?xml version="1.0" encoding="UTF-8"?>
<!-- Generated by org.testng.reporters.JUnitReportReporter -->
<testsuite hostname="Salamo" failures="0" tests="4" name="HomePage.dataProvider" time="17.535" errors="0" timestamp="15 Jan 2023 01:16:37 GMT" skipped="0">
  <testcase classname="HomePage.dataProvider" name="loginTest" time="4.060"/>
  <testcase classname="HomePage.dataProvider" name="loginTest" time="2.731"/>
  <testcase classname="HomePage.dataProvider" name="loginTest" time="7.744"/>
  <testcase classname="HomePage.dataProvider" name="loginTest" time="3.000"/>
</testsuite> <!-- HomePage.dataProvider -->
